f:\animation\2025\plugins\aftereffectssdk\examples\template\skeleton\win\skeletonpipl.rc
f:\animation\2025\plugins\aftereffectssdk\examples\template\skeleton\win\x64\debug\vc142.pdb
f:\animation\2025\plugins\aftereffectssdk\examples\template\skeleton\win\x64\debug\aegp_suitehandler.sbr
f:\animation\2025\plugins\aftereffectssdk\examples\template\skeleton\win\x64\debug\missingsuiteerror.sbr
f:\animation\2025\plugins\aftereffectssdk\examples\template\skeleton\win\x64\debug\skeleton.sbr
f:\animation\2025\plugins\aftereffectssdk\examples\template\skeleton\win\x64\debug\skeleton_strings.sbr
f:\animation\2025\plugins\aftereffectssdk\examples\template\skeleton\win\x64\debug\skeleton_strings.obj
f:\animation\2025\plugins\aftereffectssdk\examples\template\skeleton\win\x64\debug\skeleton.obj
f:\animation\2025\plugins\aftereffectssdk\examples\template\skeleton\win\x64\debug\missingsuiteerror.obj
f:\animation\2025\plugins\aftereffectssdk\examples\template\skeleton\win\x64\debug\aegp_suitehandler.obj
f:\animation\2025\plugins\aftereffectssdk\examples\template\skeleton\win\x64\debug\skeletonpipl.res
c:\users\miair\desktop\skeleton.aex
c:\users\miair\desktop\skeleton.ilk
f:\animation\2025\plugins\aftereffectssdk\examples\template\skeleton\win\x64\debug\skeleton.pdb
f:\animation\2025\plugins\aftereffectssdk\examples\template\skeleton\win\x64\debug\skeleton.lib
f:\animation\2025\plugins\aftereffectssdk\examples\template\skeleton\win\x64\debug\skeleton.exp
f:\animation\2025\plugins\aftereffectssdk\examples\template\skeleton\win\x64\debug\skeleton.bsc
f:\animation\2025\plugins\aftereffectssdk\examples\template\skeleton\win\x64\debug\skeleton.tlog\custombuild.command.1.tlog
f:\animation\2025\plugins\aftereffectssdk\examples\template\skeleton\win\x64\debug\skeleton.tlog\custombuild.read.1.tlog
f:\animation\2025\plugins\aftereffectssdk\examples\template\skeleton\win\x64\debug\skeleton.tlog\custombuild.write.1.tlog
f:\animation\2025\plugins\aftereffectssdk\examples\template\skeleton\win\x64\debug\skeleton.tlog\cl.command.1.tlog
f:\animation\2025\plugins\aftereffectssdk\examples\template\skeleton\win\x64\debug\skeleton.tlog\cl.read.1.tlog
f:\animation\2025\plugins\aftereffectssdk\examples\template\skeleton\win\x64\debug\skeleton.tlog\cl.write.1.tlog
f:\animation\2025\plugins\aftereffectssdk\examples\template\skeleton\win\x64\debug\skeleton.tlog\rc.read.1.tlog
f:\animation\2025\plugins\aftereffectssdk\examples\template\skeleton\win\x64\debug\skeleton.tlog\rc.write.1.tlog
f:\animation\2025\plugins\aftereffectssdk\examples\template\skeleton\win\x64\debug\skeleton.tlog\rc.command.1.tlog
f:\animation\2025\plugins\aftereffectssdk\examples\template\skeleton\win\x64\debug\skeleton.tlog\link.read.2.tlog
f:\animation\2025\plugins\aftereffectssdk\examples\template\skeleton\win\x64\debug\skeleton.tlog\link.write.1.tlog
f:\animation\2025\plugins\aftereffectssdk\examples\template\skeleton\win\x64\debug\skeleton.tlog\link.command.1.tlog
f:\animation\2025\plugins\aftereffectssdk\examples\template\skeleton\win\x64\debug\skeleton.tlog\skeleton.write.1u.tlog
f:\animation\2025\plugins\aftereffectssdk\examples\template\skeleton\win\x64\debug\skeleton.tlog\bscmake.read.1.tlog
f:\animation\2025\plugins\aftereffectssdk\examples\template\skeleton\win\x64\debug\skeleton.tlog\bscmake.write.1.tlog
f:\animation\2025\plugins\aftereffectssdk\examples\template\skeleton\win\x64\debug\skeleton.tlog\bscmake.command.1.tlog
